d:\dataman\serialport_dll\comtool\comtool\x64\debug\comtool.pch
d:\dataman\serialport_dll\comtool\comtool\x64\debug\vc140.pdb
d:\dataman\serialport_dll\comtool\comtool\x64\debug\vc140.idb
d:\dataman\serialport_dll\comtool\comtool\x64\debug\stdafx.obj
d:\dataman\serialport_dll\comtool\comtool\x64\debug\comtool.obj
d:\dataman\serialport_dll\comtool\comtool\x64\debug\serialport.obj
d:\dataman\serialport_dll\comtool\comtool\x64\debug\serial_run.obj
d:\dataman\serialport_dll\bin\comtool.lib
d:\dataman\serialport_dll\bin\comtool.exp
d:\dataman\serialport_dll\bin\comtool.ilk
d:\dataman\serialport_dll\bin\comtool.dll
d:\dataman\serialport_dll\bin\comtool.pdb
d:\dataman\serialport_dll\comtool\comtool\x64\debug\comtool.res
d:\dataman\serialport_dll\comtool\comtool\..\..\bin\comtool.dll
d:\dataman\serialport_dll\comtool\comtool\x64\debug\comtool.tlog\cl.command.1.tlog
d:\dataman\serialport_dll\comtool\comtool\x64\debug\comtool.tlog\cl.read.1.tlog
d:\dataman\serialport_dll\comtool\comtool\x64\debug\comtool.tlog\cl.write.1.tlog
d:\dataman\serialport_dll\comtool\comtool\x64\debug\comtool.tlog\comtool.write.1u.tlog
d:\dataman\serialport_dll\comtool\comtool\x64\debug\comtool.tlog\link.command.1.tlog
d:\dataman\serialport_dll\comtool\comtool\x64\debug\comtool.tlog\link.read.1.tlog
d:\dataman\serialport_dll\comtool\comtool\x64\debug\comtool.tlog\link.write.1.tlog
d:\dataman\serialport_dll\comtool\comtool\x64\debug\comtool.tlog\rc.command.1.tlog
d:\dataman\serialport_dll\comtool\comtool\x64\debug\comtool.tlog\rc.read.1.tlog
d:\dataman\serialport_dll\comtool\comtool\x64\debug\comtool.tlog\rc.write.1.tlog
